Determining if the pthread_create exist failed with the following output:
Change Dir: /home/nikita/ABAGY/kinematics_task/src/kinematics_test/cmake-build-default/CMakeFiles/CMakeTmp

Run Build Command(s):/usr/bin/make cmTC_b973b/fast 
/usr/bin/make -f CMakeFiles/cmTC_b973b.dir/build.make CMakeFiles/cmTC_b973b.dir/build
make[1]: Entering directory '/home/nikita/ABAGY/kinematics_task/src/kinematics_test/cmake-build-default/CMakeFiles/CMakeTmp'
Building C object CMakeFiles/cmTC_b973b.dir/CheckSymbolExists.c.o
/usr/bin/cc    -o CMakeFiles/cmTC_b973b.dir/CheckSymbolExists.c.o   -c /home/nikita/ABAGY/kinematics_task/src/kinematics_test/cmake-build-default/CMakeFiles/CMakeTmp/CheckSymbolExists.c
Linking C executable cmTC_b973b
/snap/clion/81/bin/cmake/linux/bin/cmake -E cmake_link_script CMakeFiles/cmTC_b973b.dir/link.txt --verbose=1
/usr/bin/cc      -rdynamic CMakeFiles/cmTC_b973b.dir/CheckSymbolExists.c.o  -o cmTC_b973b 
CMakeFiles/cmTC_b973b.dir/CheckSymbolExists.c.o: In function `main':
CheckSymbolExists.c:(.text+0x16): undefined reference to `pthread_create'
collect2: error: ld returned 1 exit status
CMakeFiles/cmTC_b973b.dir/build.make:86: recipe for target 'cmTC_b973b' failed
make[1]: *** [cmTC_b973b] Error 1
make[1]: Leaving directory '/home/nikita/ABAGY/kinematics_task/src/kinematics_test/cmake-build-default/CMakeFiles/CMakeTmp'
Makefile:121: recipe for target 'cmTC_b973b/fast' failed
make: *** [cmTC_b973b/fast] Error 2

File /home/nikita/ABAGY/kinematics_task/src/kinematics_test/cmake-build-default/CMakeFiles/CMakeTmp/CheckSymbolExists.c:
/* */
#include <pthread.h>

int main(int argc, char** argv)
{
  (void)argv;
#ifndef pthread_create
  return ((int*)(&pthread_create))[argc];
#else
  (void)argc;
  return 0;
#endif
}

Determining if the function pthread_create exists in the pthreads failed with the following output:
Change Dir: /home/nikita/ABAGY/kinematics_task/src/kinematics_test/cmake-build-default/CMakeFiles/CMakeTmp

Run Build Command(s):/usr/bin/make cmTC_7c0c6/fast 
/usr/bin/make -f CMakeFiles/cmTC_7c0c6.dir/build.make CMakeFiles/cmTC_7c0c6.dir/build
make[1]: Entering directory '/home/nikita/ABAGY/kinematics_task/src/kinematics_test/cmake-build-default/CMakeFiles/CMakeTmp'
Building C object CMakeFiles/cmTC_7c0c6.dir/CheckFunctionExists.c.o
/usr/bin/cc   -DCHECK_FUNCTION_EXISTS=pthread_create   -o CMakeFiles/cmTC_7c0c6.dir/CheckFunctionExists.c.o   -c /snap/clion/81/bin/cmake/linux/share/cmake-3.14/Modules/CheckFunctionExists.c
Linking C executable cmTC_7c0c6
/snap/clion/81/bin/cmake/linux/bin/cmake -E cmake_link_script CMakeFiles/cmTC_7c0c6.dir/link.txt --verbose=1
/usr/bin/cc  -DCHECK_FUNCTION_EXISTS=pthread_create    -rdynamic CMakeFiles/cmTC_7c0c6.dir/CheckFunctionExists.c.o  -o cmTC_7c0c6 -lpthreads 
/usr/bin/ld: cannot find -lpthreads
collect2: error: ld returned 1 exit status
CMakeFiles/cmTC_7c0c6.dir/build.make:86: recipe for target 'cmTC_7c0c6' failed
make[1]: *** [cmTC_7c0c6] Error 1
make[1]: Leaving directory '/home/nikita/ABAGY/kinematics_task/src/kinematics_test/cmake-build-default/CMakeFiles/CMakeTmp'
Makefile:121: recipe for target 'cmTC_7c0c6/fast' failed
make: *** [cmTC_7c0c6/fast] Error 2


